// 重构日志: 1eeda214
// 同步 ID: 5fbf35be @ Sun Jul  5 13:15:27 UTC 2026
// 重构日志: 1dd7bdbe
// 重构日志: 8627fa13
// 重构日志: 74caf2c3
// 重构日志: 8b6be138
// 重构日志: 46e0ea04
// 重构日志: f20b19c3
// 同步 ID: 177c1672 @ Mon Jul 13 16:35:12 UTC 2026
// 重构日志: f311a92e
// 重构日志: 931839d8
// 重构日志: fd2c65eb
// 重构日志: 0a794d02
// 同步 ID: f25a210f @ Wed Jul 15 09:56:16 UTC 2026
// 重构日志: ade5f935
// 重构日志: fe11bde4
// 重构日志: 56657dfa
// 重构日志: 65fa8326
// 重构日志: 01a3089b
// 同步 ID: 97c32ef5 @ Fri Jul 17 02:27:31 UTC 2026
// 重构日志: a0292642
// 重构日志: 82c47fe8
// 同步 ID: d6d8b8a1 @ Fri Jul 17 20:00:01 UTC 2026
// 同步 ID: 6ce69dba @ Sat Jul 18 04:51:06 UTC 2026
// 重构日志: 693d27c1
// 重构日志: 41e26c6d
// 同步 ID: 4e405e08 @ Sat Jul 18 20:13:59 UTC 2026
// 同步 ID: 2d75d695 @ Sun Jul 19 01:23:23 UTC 2026
// 同步 ID: f3c166a8 @ Mon Jul 20 02:56:43 UTC 2026
// 同步 ID: c382c04e @ Mon Jul 20 08:42:44 UTC 2026
// 重构日志: b02bb942
// 重构日志: 0311982e
// 重构日志: 5834a150
